{"__type":"$$EventMessageAudit","id":"87b31eba-9a5c-400a-98a5-f3d4fecffd1e","ts":"2025-11-26T22:01:10.654+00:00","eventName":"n8n.audit.workflow.created","message":"n8n.audit.workflow.created","payload":{"userId":"a903ee4c-a04f-462b-a76a-db3095612825","_email":"anasx9299@gmail.com","_firstName":"Anas","_lastName":"Eljazouli","globalRole":"global:owner","workflowId":"uJP6z3zpYEl48YJS","workflowName":"My workflow"}}
{"__type":"$$EventMessageConfirm","confirm":"87b31eba-9a5c-400a-98a5-f3d4fecffd1e","ts":"2025-11-26T22:01:10.659+00:00","source":{"id":"0","name":"eventBus"}}
{"__type":"$$EventMessageWorkflow","id":"7641ce5b-4171-4a42-96e2-9bffe21d6684","ts":"2025-11-26T22:01:11.354+00:00","eventName":"n8n.workflow.started","message":"n8n.workflow.started","payload":{"executionId":"1","workflowId":"uJP6z3zpYEl48YJS","isManual":false,"workflowName":"My workflow"}}
{"__type":"$$EventMessageConfirm","confirm":"7641ce5b-4171-4a42-96e2-9bffe21d6684","ts":"2025-11-26T22:01:11.354+00:00","source":{"id":"0","name":"eventBus"}}
{"__type":"$$EventMessageNode","id":"1e0cc4e3-5b83-41b1-a9a9-8601637da1f2","ts":"2025-11-26T22:01:11.363+00:00","eventName":"n8n.node.started","message":"n8n.node.started","payload":{"workflowId":"uJP6z3zpYEl48YJS","workflowName":"My workflow","executionId":"1","nodeType":"n8n-nodes-base.scheduleTrigger","nodeName":"Schedule Trigger","nodeId":"3c6d4769-9fd8-40ec-8799-f8d8de2ede98"}}
{"__type":"$$EventMessageConfirm","confirm":"1e0cc4e3-5b83-41b1-a9a9-8601637da1f2","ts":"2025-11-26T22:01:11.363+00:00","source":{"id":"0","name":"eventBus"}}
{"__type":"$$EventMessageNode","id":"54cc02cb-b037-4b26-8d99-75f65c1e37e4","ts":"2025-11-26T22:01:11.421+00:00","eventName":"n8n.node.finished","message":"n8n.node.finished","payload":{"workflowId":"uJP6z3zpYEl48YJS","workflowName":"My workflow","executionId":"1","nodeType":"n8n-nodes-base.scheduleTrigger","nodeName":"Schedule Trigger","nodeId":"3c6d4769-9fd8-40ec-8799-f8d8de2ede98"}}
{"__type":"$$EventMessageConfirm","confirm":"54cc02cb-b037-4b26-8d99-75f65c1e37e4","ts":"2025-11-26T22:01:11.422+00:00","source":{"id":"0","name":"eventBus"}}
{"__type":"$$EventMessageWorkflow","id":"a7caedeb-47b8-4abd-822d-5f1679e2db58","ts":"2025-11-26T22:01:11.435+00:00","eventName":"n8n.workflow.success","message":"n8n.workflow.success","payload":{"userId":"a903ee4c-a04f-462b-a76a-db3095612825","executionId":"1","success":true,"isManual":true,"workflowId":"uJP6z3zpYEl48YJS","workflowName":"My workflow"}}
{"__type":"$$EventMessageConfirm","confirm":"a7caedeb-47b8-4abd-822d-5f1679e2db58","ts":"2025-11-26T22:01:11.436+00:00","source":{"id":"0","name":"eventBus"}}
{"__type":"$$EventMessageAudit","id":"a6e69975-6543-4daa-b124-c3e00623f297","ts":"2025-11-26T22:02:42.977+00:00","eventName":"n8n.audit.workflow.updated","message":"n8n.audit.workflow.updated","payload":{"userId":"a903ee4c-a04f-462b-a76a-db3095612825","_email":"anasx9299@gmail.com","_firstName":"Anas","_lastName":"Eljazouli","globalRole":"global:owner","workflowId":"uJP6z3zpYEl48YJS","workflowName":"My workflow"}}
{"__type":"$$EventMessageConfirm","confirm":"a6e69975-6543-4daa-b124-c3e00623f297","ts":"2025-11-26T22:02:42.977+00:00","source":{"id":"0","name":"eventBus"}}
{"__type":"$$EventMessageAudit","id":"154665be-0bfa-48e0-9be6-f689f89f19e9","ts":"2025-11-26T22:03:45.915+00:00","eventName":"n8n.audit.user.login.success","message":"n8n.audit.user.login.success","payload":{"userId":"a903ee4c-a04f-462b-a76a-db3095612825","_email":"anasx9299@gmail.com","_firstName":"Anas","_lastName":"Eljazouli","globalRole":"global:owner","authenticationMethod":"email"}}
{"__type":"$$EventMessageConfirm","confirm":"154665be-0bfa-48e0-9be6-f689f89f19e9","ts":"2025-11-26T22:03:45.915+00:00","source":{"id":"0","name":"eventBus"}}
{"__type":"$$EventMessageWorkflow","id":"428a5781-9cf0-44fb-b65c-d330e6b0cb8b","ts":"2025-11-26T22:05:10.497+00:00","eventName":"n8n.workflow.started","message":"n8n.workflow.started","payload":{"executionId":"2","workflowId":"uJP6z3zpYEl48YJS","isManual":false,"workflowName":"My workflow"}}
{"__type":"$$EventMessageConfirm","confirm":"428a5781-9cf0-44fb-b65c-d330e6b0cb8b","ts":"2025-11-26T22:05:10.498+00:00","source":{"id":"0","name":"eventBus"}}
{"__type":"$$EventMessageNode","id":"6bd38d24-0020-442c-9d7c-0cf8818eda70","ts":"2025-11-26T22:05:10.506+00:00","eventName":"n8n.node.started","message":"n8n.node.started","payload":{"workflowId":"uJP6z3zpYEl48YJS","workflowName":"My workflow","executionId":"2","nodeType":"n8n-nodes-base.scheduleTrigger","nodeName":"Schedule Trigger","nodeId":"3c6d4769-9fd8-40ec-8799-f8d8de2ede98"}}
{"__type":"$$EventMessageConfirm","confirm":"6bd38d24-0020-442c-9d7c-0cf8818eda70","ts":"2025-11-26T22:05:10.506+00:00","source":{"id":"0","name":"eventBus"}}
{"__type":"$$EventMessageNode","id":"fb849f6b-f15e-4c94-b1da-9a6d48f3d241","ts":"2025-11-26T22:05:10.523+00:00","eventName":"n8n.node.finished","message":"n8n.node.finished","payload":{"workflowId":"uJP6z3zpYEl48YJS","workflowName":"My workflow","executionId":"2","nodeType":"n8n-nodes-base.scheduleTrigger","nodeName":"Schedule Trigger","nodeId":"3c6d4769-9fd8-40ec-8799-f8d8de2ede98"}}
{"__type":"$$EventMessageConfirm","confirm":"fb849f6b-f15e-4c94-b1da-9a6d48f3d241","ts":"2025-11-26T22:05:10.523+00:00","source":{"id":"0","name":"eventBus"}}
{"__type":"$$EventMessageNode","id":"1c7bf293-8553-489a-8295-5a65a8ed7ff1","ts":"2025-11-26T22:05:10.526+00:00","eventName":"n8n.node.started","message":"n8n.node.started","payload":{"workflowId":"uJP6z3zpYEl48YJS","workflowName":"My workflow","executionId":"2","nodeType":"n8n-nodes-base.httpRequest","nodeName":"HTTP Request","nodeId":"e35bf254-2509-4d25-acb2-46e5ed95e3d2"}}
{"__type":"$$EventMessageConfirm","confirm":"1c7bf293-8553-489a-8295-5a65a8ed7ff1","ts":"2025-11-26T22:05:10.526+00:00","source":{"id":"0","name":"eventBus"}}
{"__type":"$$EventMessageNode","id":"d4262119-8494-445f-aacc-15687c1f2f98","ts":"2025-11-26T22:05:10.989+00:00","eventName":"n8n.node.finished","message":"n8n.node.finished","payload":{"workflowId":"uJP6z3zpYEl48YJS","workflowName":"My workflow","executionId":"2","nodeType":"n8n-nodes-base.httpRequest","nodeName":"HTTP Request","nodeId":"e35bf254-2509-4d25-acb2-46e5ed95e3d2"}}
{"__type":"$$EventMessageConfirm","confirm":"d4262119-8494-445f-aacc-15687c1f2f98","ts":"2025-11-26T22:05:10.989+00:00","source":{"id":"0","name":"eventBus"}}
{"__type":"$$EventMessageWorkflow","id":"c2c005a7-526e-4bdd-ae5e-ae8b49642bab","ts":"2025-11-26T22:05:10.997+00:00","eventName":"n8n.workflow.success","message":"n8n.workflow.success","payload":{"userId":"a903ee4c-a04f-462b-a76a-db3095612825","executionId":"2","success":true,"isManual":true,"workflowId":"uJP6z3zpYEl48YJS","workflowName":"My workflow"}}
{"__type":"$$EventMessageConfirm","confirm":"c2c005a7-526e-4bdd-ae5e-ae8b49642bab","ts":"2025-11-26T22:05:10.997+00:00","source":{"id":"0","name":"eventBus"}}
{"__type":"$$EventMessageWorkflow","id":"48456e70-00ba-4d89-a87c-1dd76f473a06","ts":"2025-11-26T22:39:59.714+00:00","eventName":"n8n.workflow.started","message":"n8n.workflow.started","payload":{"executionId":"3","workflowId":"uJP6z3zpYEl48YJS","isManual":false,"workflowName":"My workflow"}}
{"__type":"$$EventMessageConfirm","confirm":"48456e70-00ba-4d89-a87c-1dd76f473a06","ts":"2025-11-26T22:39:59.717+00:00","source":{"id":"0","name":"eventBus"}}
{"__type":"$$EventMessageNode","id":"8fe66bf0-0ef1-42d0-b542-4eb0b72eb3df","ts":"2025-11-26T22:39:59.722+00:00","eventName":"n8n.node.started","message":"n8n.node.started","payload":{"workflowId":"uJP6z3zpYEl48YJS","workflowName":"My workflow","executionId":"3","nodeType":"n8n-nodes-base.httpRequest","nodeName":"HTTP Request","nodeId":"e35bf254-2509-4d25-acb2-46e5ed95e3d2"}}
{"__type":"$$EventMessageConfirm","confirm":"8fe66bf0-0ef1-42d0-b542-4eb0b72eb3df","ts":"2025-11-26T22:39:59.732+00:00","source":{"id":"0","name":"eventBus"}}
{"__type":"$$EventMessageNode","id":"f0920e82-d4f7-42b8-b7dd-1a8aff3917b2","ts":"2025-11-26T22:39:59.982+00:00","eventName":"n8n.node.finished","message":"n8n.node.finished","payload":{"workflowId":"uJP6z3zpYEl48YJS","workflowName":"My workflow","executionId":"3","nodeType":"n8n-nodes-base.httpRequest","nodeName":"HTTP Request","nodeId":"e35bf254-2509-4d25-acb2-46e5ed95e3d2"}}
{"__type":"$$EventMessageConfirm","confirm":"f0920e82-d4f7-42b8-b7dd-1a8aff3917b2","ts":"2025-11-26T22:39:59.982+00:00","source":{"id":"0","name":"eventBus"}}
{"__type":"$$EventMessageWorkflow","id":"ea131803-c1a1-4318-a35d-82aa680d017f","ts":"2025-11-26T22:40:00.069+00:00","eventName":"n8n.workflow.success","message":"n8n.workflow.success","payload":{"userId":"a903ee4c-a04f-462b-a76a-db3095612825","executionId":"3","success":true,"isManual":true,"workflowId":"uJP6z3zpYEl48YJS","workflowName":"My workflow"}}
{"__type":"$$EventMessageConfirm","confirm":"ea131803-c1a1-4318-a35d-82aa680d017f","ts":"2025-11-26T22:40:00.070+00:00","source":{"id":"0","name":"eventBus"}}
{"__type":"$$EventMessageWorkflow","id":"218039ce-d1f4-48b0-bd85-fdc36ce0f900","ts":"2025-11-26T22:44:01.207+00:00","eventName":"n8n.workflow.started","message":"n8n.workflow.started","payload":{"executionId":"4","workflowId":"uJP6z3zpYEl48YJS","isManual":false,"workflowName":"My workflow"}}
{"__type":"$$EventMessageConfirm","confirm":"218039ce-d1f4-48b0-bd85-fdc36ce0f900","ts":"2025-11-26T22:44:01.207+00:00","source":{"id":"0","name":"eventBus"}}
{"__type":"$$EventMessageNode","id":"1c80cf17-5fd8-4ba1-825a-b2c23e45949f","ts":"2025-11-26T22:44:01.223+00:00","eventName":"n8n.node.started","message":"n8n.node.started","payload":{"workflowId":"uJP6z3zpYEl48YJS","workflowName":"My workflow","executionId":"4","nodeType":"n8n-nodes-base.httpRequest","nodeName":"HTTP Request","nodeId":"e35bf254-2509-4d25-acb2-46e5ed95e3d2"}}
{"__type":"$$EventMessageConfirm","confirm":"1c80cf17-5fd8-4ba1-825a-b2c23e45949f","ts":"2025-11-26T22:44:01.223+00:00","source":{"id":"0","name":"eventBus"}}
{"__type":"$$EventMessageNode","id":"6dbd8d50-06da-4f4f-97ce-c45f48a7941d","ts":"2025-11-26T22:44:01.268+00:00","eventName":"n8n.node.finished","message":"n8n.node.finished","payload":{"workflowId":"uJP6z3zpYEl48YJS","workflowName":"My workflow","executionId":"4","nodeType":"n8n-nodes-base.httpRequest","nodeName":"HTTP Request","nodeId":"e35bf254-2509-4d25-acb2-46e5ed95e3d2"}}
{"__type":"$$EventMessageConfirm","confirm":"6dbd8d50-06da-4f4f-97ce-c45f48a7941d","ts":"2025-11-26T22:44:01.268+00:00","source":{"id":"0","name":"eventBus"}}
{"__type":"$$EventMessageWorkflow","id":"bbeadbad-5d0c-4b2c-ac1a-1896fcba6bac","ts":"2025-11-26T22:44:01.288+00:00","eventName":"n8n.workflow.success","message":"n8n.workflow.success","payload":{"userId":"a903ee4c-a04f-462b-a76a-db3095612825","executionId":"4","success":true,"isManual":true,"workflowId":"uJP6z3zpYEl48YJS","workflowName":"My workflow"}}
{"__type":"$$EventMessageConfirm","confirm":"bbeadbad-5d0c-4b2c-ac1a-1896fcba6bac","ts":"2025-11-26T22:44:01.288+00:00","source":{"id":"0","name":"eventBus"}}
{"__type":"$$EventMessageWorkflow","id":"bc07be75-12fc-4846-952d-7eddd0b48a6b","ts":"2025-11-26T23:00:38.916+00:00","eventName":"n8n.workflow.started","message":"n8n.workflow.started","payload":{"executionId":"5","workflowId":"uJP6z3zpYEl48YJS","isManual":false,"workflowName":"My workflow"}}
{"__type":"$$EventMessageConfirm","confirm":"bc07be75-12fc-4846-952d-7eddd0b48a6b","ts":"2025-11-26T23:00:38.916+00:00","source":{"id":"0","name":"eventBus"}}
{"__type":"$$EventMessageNode","id":"0aee4406-8b4f-474b-99ea-ba7f6d69ffba","ts":"2025-11-26T23:00:38.919+00:00","eventName":"n8n.node.started","message":"n8n.node.started","payload":{"workflowId":"uJP6z3zpYEl48YJS","workflowName":"My workflow","executionId":"5","nodeType":"n8n-nodes-base.httpRequest","nodeName":"HTTP Request","nodeId":"e35bf254-2509-4d25-acb2-46e5ed95e3d2"}}
{"__type":"$$EventMessageConfirm","confirm":"0aee4406-8b4f-474b-99ea-ba7f6d69ffba","ts":"2025-11-26T23:00:38.919+00:00","source":{"id":"0","name":"eventBus"}}
{"__type":"$$EventMessageNode","id":"92a7e99e-25c2-461c-af59-4476468d9b5d","ts":"2025-11-26T23:00:38.978+00:00","eventName":"n8n.node.finished","message":"n8n.node.finished","payload":{"workflowId":"uJP6z3zpYEl48YJS","workflowName":"My workflow","executionId":"5","nodeType":"n8n-nodes-base.httpRequest","nodeName":"HTTP Request","nodeId":"e35bf254-2509-4d25-acb2-46e5ed95e3d2"}}
{"__type":"$$EventMessageConfirm","confirm":"92a7e99e-25c2-461c-af59-4476468d9b5d","ts":"2025-11-26T23:00:38.979+00:00","source":{"id":"0","name":"eventBus"}}
{"__type":"$$EventMessageWorkflow","id":"f851bda5-2cd3-4568-9854-b86afadd6d87","ts":"2025-11-26T23:00:38.993+00:00","eventName":"n8n.workflow.success","message":"n8n.workflow.success","payload":{"userId":"a903ee4c-a04f-462b-a76a-db3095612825","executionId":"5","success":true,"isManual":true,"workflowId":"uJP6z3zpYEl48YJS","workflowName":"My workflow"}}
{"__type":"$$EventMessageConfirm","confirm":"f851bda5-2cd3-4568-9854-b86afadd6d87","ts":"2025-11-26T23:00:38.993+00:00","source":{"id":"0","name":"eventBus"}}
{"__type":"$$EventMessageWorkflow","id":"d08970e9-6836-4101-8d15-358326a378fb","ts":"2025-11-26T23:03:23.697+00:00","eventName":"n8n.workflow.started","message":"n8n.workflow.started","payload":{"executionId":"6","workflowId":"uJP6z3zpYEl48YJS","isManual":false,"workflowName":"My workflow"}}
{"__type":"$$EventMessageConfirm","confirm":"d08970e9-6836-4101-8d15-358326a378fb","ts":"2025-11-26T23:03:23.697+00:00","source":{"id":"0","name":"eventBus"}}
{"__type":"$$EventMessageNode","id":"a6a9fed7-959f-484c-a63e-dc92b4590d26","ts":"2025-11-26T23:03:23.705+00:00","eventName":"n8n.node.started","message":"n8n.node.started","payload":{"workflowId":"uJP6z3zpYEl48YJS","workflowName":"My workflow","executionId":"6","nodeType":"n8n-nodes-base.httpRequest","nodeName":"HTTP Request","nodeId":"e35bf254-2509-4d25-acb2-46e5ed95e3d2"}}
{"__type":"$$EventMessageConfirm","confirm":"a6a9fed7-959f-484c-a63e-dc92b4590d26","ts":"2025-11-26T23:03:23.705+00:00","source":{"id":"0","name":"eventBus"}}
{"__type":"$$EventMessageNode","id":"710cf81a-bf60-4082-a263-0a6efc0605eb","ts":"2025-11-26T23:03:23.761+00:00","eventName":"n8n.node.finished","message":"n8n.node.finished","payload":{"workflowId":"uJP6z3zpYEl48YJS","workflowName":"My workflow","executionId":"6","nodeType":"n8n-nodes-base.httpRequest","nodeName":"HTTP Request","nodeId":"e35bf254-2509-4d25-acb2-46e5ed95e3d2"}}
{"__type":"$$EventMessageConfirm","confirm":"710cf81a-bf60-4082-a263-0a6efc0605eb","ts":"2025-11-26T23:03:23.761+00:00","source":{"id":"0","name":"eventBus"}}
{"__type":"$$EventMessageWorkflow","id":"e0cef075-e589-42f6-af55-a8ac89e4f17f","ts":"2025-11-26T23:03:23.776+00:00","eventName":"n8n.workflow.success","message":"n8n.workflow.success","payload":{"userId":"a903ee4c-a04f-462b-a76a-db3095612825","executionId":"6","success":true,"isManual":true,"workflowId":"uJP6z3zpYEl48YJS","workflowName":"My workflow"}}
{"__type":"$$EventMessageConfirm","confirm":"e0cef075-e589-42f6-af55-a8ac89e4f17f","ts":"2025-11-26T23:03:23.776+00:00","source":{"id":"0","name":"eventBus"}}
{"__type":"$$EventMessageWorkflow","id":"483d97d7-baf4-4bde-8c4b-3bbad739030d","ts":"2025-11-26T23:06:45.944+00:00","eventName":"n8n.workflow.started","message":"n8n.workflow.started","payload":{"executionId":"7","workflowId":"uJP6z3zpYEl48YJS","isManual":false,"workflowName":"My workflow"}}
{"__type":"$$EventMessageConfirm","confirm":"483d97d7-baf4-4bde-8c4b-3bbad739030d","ts":"2025-11-26T23:06:45.944+00:00","source":{"id":"0","name":"eventBus"}}
{"__type":"$$EventMessageNode","id":"19fb9bfb-d190-4dc1-b4d6-f6476f1a32c9","ts":"2025-11-26T23:06:45.946+00:00","eventName":"n8n.node.started","message":"n8n.node.started","payload":{"workflowId":"uJP6z3zpYEl48YJS","workflowName":"My workflow","executionId":"7","nodeType":"n8n-nodes-base.httpRequest","nodeName":"HTTP Request","nodeId":"e35bf254-2509-4d25-acb2-46e5ed95e3d2"}}
{"__type":"$$EventMessageConfirm","confirm":"19fb9bfb-d190-4dc1-b4d6-f6476f1a32c9","ts":"2025-11-26T23:06:45.946+00:00","source":{"id":"0","name":"eventBus"}}
{"__type":"$$EventMessageNode","id":"0e0b3bb8-5626-402b-9984-00f34e1ad1d9","ts":"2025-11-26T23:06:46.372+00:00","eventName":"n8n.node.finished","message":"n8n.node.finished","payload":{"workflowId":"uJP6z3zpYEl48YJS","workflowName":"My workflow","executionId":"7","nodeType":"n8n-nodes-base.httpRequest","nodeName":"HTTP Request","nodeId":"e35bf254-2509-4d25-acb2-46e5ed95e3d2"}}
{"__type":"$$EventMessageConfirm","confirm":"0e0b3bb8-5626-402b-9984-00f34e1ad1d9","ts":"2025-11-26T23:06:46.372+00:00","source":{"id":"0","name":"eventBus"}}
{"__type":"$$EventMessageWorkflow","id":"75f66e2f-e6b1-45d1-8a73-5d364c394758","ts":"2025-11-26T23:06:46.389+00:00","eventName":"n8n.workflow.success","message":"n8n.workflow.success","payload":{"userId":"a903ee4c-a04f-462b-a76a-db3095612825","executionId":"7","success":true,"isManual":true,"workflowId":"uJP6z3zpYEl48YJS","workflowName":"My workflow"}}
{"__type":"$$EventMessageConfirm","confirm":"75f66e2f-e6b1-45d1-8a73-5d364c394758","ts":"2025-11-26T23:06:46.389+00:00","source":{"id":"0","name":"eventBus"}}
{"__type":"$$EventMessageWorkflow","id":"426c8bf6-78de-4ac7-8cd1-c8ac24f4337b","ts":"2025-11-26T23:07:02.889+00:00","eventName":"n8n.workflow.started","message":"n8n.workflow.started","payload":{"executionId":"8","workflowId":"uJP6z3zpYEl48YJS","isManual":false,"workflowName":"My workflow"}}
{"__type":"$$EventMessageConfirm","confirm":"426c8bf6-78de-4ac7-8cd1-c8ac24f4337b","ts":"2025-11-26T23:07:02.889+00:00","source":{"id":"0","name":"eventBus"}}
{"__type":"$$EventMessageNode","id":"f42cb5ec-550e-411e-8cc4-8d2a88bb845e","ts":"2025-11-26T23:07:02.892+00:00","eventName":"n8n.node.started","message":"n8n.node.started","payload":{"workflowId":"uJP6z3zpYEl48YJS","workflowName":"My workflow","executionId":"8","nodeType":"n8n-nodes-base.httpRequest","nodeName":"HTTP Request","nodeId":"e35bf254-2509-4d25-acb2-46e5ed95e3d2"}}
{"__type":"$$EventMessageConfirm","confirm":"f42cb5ec-550e-411e-8cc4-8d2a88bb845e","ts":"2025-11-26T23:07:02.892+00:00","source":{"id":"0","name":"eventBus"}}
{"__type":"$$EventMessageNode","id":"44628c7a-8e41-4057-b97a-8809a039aaae","ts":"2025-11-26T23:07:02.943+00:00","eventName":"n8n.node.finished","message":"n8n.node.finished","payload":{"workflowId":"uJP6z3zpYEl48YJS","workflowName":"My workflow","executionId":"8","nodeType":"n8n-nodes-base.httpRequest","nodeName":"HTTP Request","nodeId":"e35bf254-2509-4d25-acb2-46e5ed95e3d2"}}
{"__type":"$$EventMessageConfirm","confirm":"44628c7a-8e41-4057-b97a-8809a039aaae","ts":"2025-11-26T23:07:02.944+00:00","source":{"id":"0","name":"eventBus"}}
{"__type":"$$EventMessageWorkflow","id":"a1a3c85e-82e2-4293-8dc5-363c44f74115","ts":"2025-11-26T23:07:02.959+00:00","eventName":"n8n.workflow.success","message":"n8n.workflow.success","payload":{"userId":"a903ee4c-a04f-462b-a76a-db3095612825","executionId":"8","success":true,"isManual":true,"workflowId":"uJP6z3zpYEl48YJS","workflowName":"My workflow"}}
{"__type":"$$EventMessageConfirm","confirm":"a1a3c85e-82e2-4293-8dc5-363c44f74115","ts":"2025-11-26T23:07:02.959+00:00","source":{"id":"0","name":"eventBus"}}
{"__type":"$$EventMessageAudit","id":"a0ab1385-d1b1-4ae0-b4f1-0d363303b0df","ts":"2025-11-26T23:35:33.236+00:00","eventName":"n8n.audit.user.credentials.created","message":"n8n.audit.user.credentials.created","payload":{"userId":"a903ee4c-a04f-462b-a76a-db3095612825","_email":"anasx9299@gmail.com","_firstName":"Anas","_lastName":"Eljazouli","globalRole":"global:owner","credentialType":"gmailOAuth2","credentialId":"BkxNDRaqZaTBoh8t","publicApi":false,"projectId":"ISymi2Xpuss8orig","projectType":"personal"}}
{"__type":"$$EventMessageConfirm","confirm":"a0ab1385-d1b1-4ae0-b4f1-0d363303b0df","ts":"2025-11-26T23:35:33.250+00:00","source":{"id":"0","name":"eventBus"}}
{"__type":"$$EventMessageAudit","id":"ac7381e0-31fc-49ce-88c8-0d5e4e341cbd","ts":"2025-11-26T23:36:44.482+00:00","eventName":"n8n.audit.user.credentials.updated","message":"n8n.audit.user.credentials.updated","payload":{"userId":"a903ee4c-a04f-462b-a76a-db3095612825","_email":"anasx9299@gmail.com","_firstName":"Anas","_lastName":"Eljazouli","globalRole":"global:owner","credentialType":"gmailOAuth2","credentialId":"BkxNDRaqZaTBoh8t"}}
{"__type":"$$EventMessageConfirm","confirm":"ac7381e0-31fc-49ce-88c8-0d5e4e341cbd","ts":"2025-11-26T23:36:44.482+00:00","source":{"id":"0","name":"eventBus"}}
{"__type":"$$EventMessageAudit","id":"bd11b5bd-ec06-4130-823a-fa26fc3c5956","ts":"2025-11-26T23:37:11.006+00:00","eventName":"n8n.audit.user.credentials.updated","message":"n8n.audit.user.credentials.updated","payload":{"userId":"a903ee4c-a04f-462b-a76a-db3095612825","_email":"anasx9299@gmail.com","_firstName":"Anas","_lastName":"Eljazouli","globalRole":"global:owner","credentialType":"gmailOAuth2","credentialId":"BkxNDRaqZaTBoh8t"}}
{"__type":"$$EventMessageConfirm","confirm":"bd11b5bd-ec06-4130-823a-fa26fc3c5956","ts":"2025-11-26T23:37:11.006+00:00","source":{"id":"0","name":"eventBus"}}
{"__type":"$$EventMessageWorkflow","id":"91fe2ce1-ae42-4f1b-932d-07e5e2bac68a","ts":"2025-11-26T23:39:11.454+00:00","eventName":"n8n.workflow.started","message":"n8n.workflow.started","payload":{"executionId":"9","workflowId":"uJP6z3zpYEl48YJS","isManual":false,"workflowName":"My workflow"}}
{"__type":"$$EventMessageConfirm","confirm":"91fe2ce1-ae42-4f1b-932d-07e5e2bac68a","ts":"2025-11-26T23:39:11.455+00:00","source":{"id":"0","name":"eventBus"}}
{"__type":"$$EventMessageNode","id":"ef112cb7-f254-44a0-b653-9321087b21d7","ts":"2025-11-26T23:39:11.466+00:00","eventName":"n8n.node.started","message":"n8n.node.started","payload":{"workflowId":"uJP6z3zpYEl48YJS","workflowName":"My workflow","executionId":"9","nodeType":"n8n-nodes-base.httpRequest","nodeName":"HTTP Request","nodeId":"e35bf254-2509-4d25-acb2-46e5ed95e3d2"}}
{"__type":"$$EventMessageConfirm","confirm":"ef112cb7-f254-44a0-b653-9321087b21d7","ts":"2025-11-26T23:39:11.466+00:00","source":{"id":"0","name":"eventBus"}}
{"__type":"$$EventMessageNode","id":"9033cca9-9231-42cb-8f2b-f3ecc6d131ea","ts":"2025-11-26T23:39:11.757+00:00","eventName":"n8n.node.finished","message":"n8n.node.finished","payload":{"workflowId":"uJP6z3zpYEl48YJS","workflowName":"My workflow","executionId":"9","nodeType":"n8n-nodes-base.httpRequest","nodeName":"HTTP Request","nodeId":"e35bf254-2509-4d25-acb2-46e5ed95e3d2"}}
{"__type":"$$EventMessageConfirm","confirm":"9033cca9-9231-42cb-8f2b-f3ecc6d131ea","ts":"2025-11-26T23:39:11.757+00:00","source":{"id":"0","name":"eventBus"}}
{"__type":"$$EventMessageWorkflow","id":"89ee78e7-cbaf-4582-849c-578c6285e70c","ts":"2025-11-26T23:39:11.800+00:00","eventName":"n8n.workflow.success","message":"n8n.workflow.success","payload":{"userId":"a903ee4c-a04f-462b-a76a-db3095612825","executionId":"9","success":true,"isManual":true,"workflowId":"uJP6z3zpYEl48YJS","workflowName":"My workflow"}}
{"__type":"$$EventMessageConfirm","confirm":"89ee78e7-cbaf-4582-849c-578c6285e70c","ts":"2025-11-26T23:39:11.800+00:00","source":{"id":"0","name":"eventBus"}}
{"__type":"$$EventMessageWorkflow","id":"0adca7f3-99aa-405e-bb46-974f69d00ba8","ts":"2025-11-26T23:39:20.402+00:00","eventName":"n8n.workflow.started","message":"n8n.workflow.started","payload":{"executionId":"10","workflowId":"uJP6z3zpYEl48YJS","isManual":false,"workflowName":"My workflow"}}
{"__type":"$$EventMessageConfirm","confirm":"0adca7f3-99aa-405e-bb46-974f69d00ba8","ts":"2025-11-26T23:39:20.402+00:00","source":{"id":"0","name":"eventBus"}}
{"__type":"$$EventMessageNode","id":"70dfa389-2419-4f93-8d31-75e91c45f6aa","ts":"2025-11-26T23:39:20.405+00:00","eventName":"n8n.node.started","message":"n8n.node.started","payload":{"workflowId":"uJP6z3zpYEl48YJS","workflowName":"My workflow","executionId":"10","nodeType":"n8n-nodes-base.gmail","nodeName":"Send a message","nodeId":"4e6f9396-17eb-45bc-8eb5-9565c138b440"}}
{"__type":"$$EventMessageConfirm","confirm":"70dfa389-2419-4f93-8d31-75e91c45f6aa","ts":"2025-11-26T23:39:20.405+00:00","source":{"id":"0","name":"eventBus"}}
{"__type":"$$EventMessageNode","id":"be7d0098-2a9b-4936-8995-4ba9d7e4a370","ts":"2025-11-26T18:39:22.046-05:00","eventName":"n8n.node.finished","message":"n8n.node.finished","payload":{"workflowId":"uJP6z3zpYEl48YJS","workflowName":"My workflow","executionId":"10","nodeType":"n8n-nodes-base.gmail","nodeName":"Send a message","nodeId":"4e6f9396-17eb-45bc-8eb5-9565c138b440"}}
{"__type":"$$EventMessageConfirm","confirm":"be7d0098-2a9b-4936-8995-4ba9d7e4a370","ts":"2025-11-26T18:39:22.047-05:00","source":{"id":"0","name":"eventBus"}}
{"__type":"$$EventMessageWorkflow","id":"79b3d32a-c6c0-4bcd-b5fb-6cebba74fba7","ts":"2025-11-26T18:39:22.054-05:00","eventName":"n8n.workflow.success","message":"n8n.workflow.success","payload":{"userId":"a903ee4c-a04f-462b-a76a-db3095612825","executionId":"10","success":true,"isManual":true,"workflowId":"uJP6z3zpYEl48YJS","workflowName":"My workflow"}}
{"__type":"$$EventMessageConfirm","confirm":"79b3d32a-c6c0-4bcd-b5fb-6cebba74fba7","ts":"2025-11-26T18:39:22.054-05:00","source":{"id":"0","name":"eventBus"}}
{"__type":"$$EventMessageAudit","id":"8941384b-ba94-4a31-a7e7-51865487a9fe","ts":"2025-11-26T18:41:28.718-05:00","eventName":"n8n.audit.workflow.updated","message":"n8n.audit.workflow.updated","payload":{"userId":"a903ee4c-a04f-462b-a76a-db3095612825","_email":"anasx9299@gmail.com","_firstName":"Anas","_lastName":"Eljazouli","globalRole":"global:owner","workflowId":"uJP6z3zpYEl48YJS","workflowName":"My workflow"}}
{"__type":"$$EventMessageConfirm","confirm":"8941384b-ba94-4a31-a7e7-51865487a9fe","ts":"2025-11-26T18:41:28.720-05:00","source":{"id":"0","name":"eventBus"}}
